c:\users\ibby\dropbox\game development msc\rtp ii\consoleapplication3\debug\prey vs predator.pch
c:\users\ibby\dropbox\game development msc\rtp ii\consoleapplication3\debug\vc140.pdb
c:\users\ibby\dropbox\game development msc\rtp ii\consoleapplication3\debug\vc140.idb
c:\users\ibby\dropbox\game development msc\rtp ii\consoleapplication3\debug\stdafx.obj
c:\users\ibby\dropbox\game development msc\rtp ii\consoleapplication3\debug\main.obj
c:\users\ibby\dropbox\game development msc\rtp ii\consoleapplication3\debug\openmp.obj
c:\users\ibby\dropbox\game development msc\rtp ii\debug\prey vs predator.ilk
c:\users\ibby\dropbox\game development msc\rtp ii\debug\prey vs predator.exe
c:\users\ibby\dropbox\game development msc\rtp ii\debug\prey vs predator.pdb
c:\users\ibby\dropbox\game development msc\rtp ii\consoleapplication3\debug\prey vs predator.tlog\cl.command.1.tlog
c:\users\ibby\dropbox\game development msc\rtp ii\consoleapplication3\debug\prey vs predator.tlog\cl.read.1.tlog
c:\users\ibby\dropbox\game development msc\rtp ii\consoleapplication3\debug\prey vs predator.tlog\cl.write.1.tlog
c:\users\ibby\dropbox\game development msc\rtp ii\consoleapplication3\debug\prey vs predator.tlog\link-cvtres.read.1.tlog
c:\users\ibby\dropbox\game development msc\rtp ii\consoleapplication3\debug\prey vs predator.tlog\link-cvtres.write.1.tlog
c:\users\ibby\dropbox\game development msc\rtp ii\consoleapplication3\debug\prey vs predator.tlog\link-rc.read.1.tlog
c:\users\ibby\dropbox\game development msc\rtp ii\consoleapplication3\debug\prey vs predator.tlog\link-rc.write.1.tlog
c:\users\ibby\dropbox\game development msc\rtp ii\consoleapplication3\debug\prey vs predator.tlog\link.9868-cvtres.read.1.tlog
c:\users\ibby\dropbox\game development msc\rtp ii\consoleapplication3\debug\prey vs predator.tlog\link.9868-cvtres.write.1.tlog
c:\users\ibby\dropbox\game development msc\rtp ii\consoleapplication3\debug\prey vs predator.tlog\link.9868-rc.read.1.tlog
c:\users\ibby\dropbox\game development msc\rtp ii\consoleapplication3\debug\prey vs predator.tlog\link.9868-rc.write.1.tlog
c:\users\ibby\dropbox\game development msc\rtp ii\consoleapplication3\debug\prey vs predator.tlog\link.9868.read.1.tlog
c:\users\ibby\dropbox\game development msc\rtp ii\consoleapplication3\debug\prey vs predator.tlog\link.9868.write.1.tlog
c:\users\ibby\dropbox\game development msc\rtp ii\consoleapplication3\debug\prey vs predator.tlog\link.command.1.tlog
c:\users\ibby\dropbox\game development msc\rtp ii\consoleapplication3\debug\prey vs predator.tlog\link.read.1.tlog
c:\users\ibby\dropbox\game development msc\rtp ii\consoleapplication3\debug\prey vs predator.tlog\link.write.1.tlog
